Analysis & Synthesis report for eightbitcounter
Sat Mar 10 11:08:48 2018
Quartus Prime Version 16.0.0 Build 211 04/27/2016 SJ Lite Edition


---------------------
; Table of Contents ;
---------------------
  1. Legal Notice
  2. Analysis & Synthesis Summary
  3. Analysis & Synthesis Settings
  4. Parallel Compilation
  5. Analysis & Synthesis Source Files Read
  6. Analysis & Synthesis Resource Usage Summary
  7. Analysis & Synthesis Resource Utilization by Entity
  8. General Register Statistics
  9. Port Connectivity Checks: "eightbitcounter:dut|counter:x_1|fullbitadder:x_4"
 10. Port Connectivity Checks: "eightbitcounter:dut|counter:x_1|fullbitadder:x_3"
 11. Port Connectivity Checks: "eightbitcounter:dut|counter:x_1|fullbitadder:x_2"
 12. Port Connectivity Checks: "eightbitcounter:dut|counter:x_1|fullbitadder:x_1"
 13. Port Connectivity Checks: "eightbitcounter:dut|counter:x_1"
 14. Analysis & Synthesis Messages



----------------
; Legal Notice ;
----------------
Copyright (C) 1991-2016 Altera Corporation. All rights reserved.
Your use of Altera Corporation's design tools, logic functions 
and other software and tools, and its AMPP partner logic 
functions, and any output files from any of the foregoing 
(including device programming or simulation files), and any 
associated documentation or information are expressly subject 
to the terms and conditions of the Altera Program License 
Subscription Agreement, the Altera Quartus Prime License Agreement,
the Altera MegaCore Function License Agreement, or other 
applicable license agreement, including, without limitation, 
that your use is for the sole purpose of programming logic 
devices manufactured by Altera and sold by Altera or its 
authorized distributors.  Please refer to the applicable 
agreement for further details.



+---------------------------------------------------------------------------+
; Analysis & Synthesis Summary                                              ;
+-----------------------------+---------------------------------------------+
; Analysis & Synthesis Status ; Successful - Sat Mar 10 11:08:48 2018       ;
; Quartus Prime Version       ; 16.0.0 Build 211 04/27/2016 SJ Lite Edition ;
; Revision Name               ; eightbitcounter                             ;
; Top-level Entity Name       ; DUT                                         ;
; Family                      ; MAX V                                       ;
; Total logic elements        ; 13                                          ;
; Total pins                  ; 12                                          ;
; Total virtual pins          ; 0                                           ;
; UFM blocks                  ; 0 / 1 ( 0 % )                               ;
+-----------------------------+---------------------------------------------+


+----------------------------------------------------------------------------------------------------------------------+
; Analysis & Synthesis Settings                                                                                        ;
+----------------------------------------------------------------------------+--------------------+--------------------+
; Option                                                                     ; Setting            ; Default Value      ;
+----------------------------------------------------------------------------+--------------------+--------------------+
; Device                                                                     ; 5M1270ZT144C5      ;                    ;
; Top-level entity name                                                      ; DUT                ; eightbitcounter    ;
; Family name                                                                ; MAX V              ; Cyclone V          ;
; Use smart compilation                                                      ; Off                ; Off                ;
; Enable parallel Assembler and TimeQuest Timing Analyzer during compilation ; On                 ; On                 ;
; Enable compact report table                                                ; Off                ; Off                ;
; Restructure Multiplexers                                                   ; Auto               ; Auto               ;
; Create Debugging Nodes for IP Cores                                        ; Off                ; Off                ;
; Preserve fewer node names                                                  ; On                 ; On                 ;
; Disable OpenCore Plus hardware evaluation                                  ; Off                ; Off                ;
; Verilog Version                                                            ; Verilog_2001       ; Verilog_2001       ;
; VHDL Version                                                               ; VHDL_1993          ; VHDL_1993          ;
; State Machine Processing                                                   ; Auto               ; Auto               ;
; Safe State Machine                                                         ; Off                ; Off                ;
; Extract Verilog State Machines                                             ; On                 ; On                 ;
; Extract VHDL State Machines                                                ; On                 ; On                 ;
; Ignore Verilog initial constructs                                          ; Off                ; Off                ;
; Iteration limit for constant Verilog loops                                 ; 5000               ; 5000               ;
; Iteration limit for non-constant Verilog loops                             ; 250                ; 250                ;
; Add Pass-Through Logic to Inferred RAMs                                    ; On                 ; On                 ;
; Infer RAMs from Raw Logic                                                  ; On                 ; On                 ;
; Parallel Synthesis                                                         ; On                 ; On                 ;
; NOT Gate Push-Back                                                         ; On                 ; On                 ;
; Power-Up Don't Care                                                        ; On                 ; On                 ;
; Remove Redundant Logic Cells                                               ; Off                ; Off                ;
; Remove Duplicate Registers                                                 ; On                 ; On                 ;
; Ignore CARRY Buffers                                                       ; Off                ; Off                ;
; Ignore CASCADE Buffers                                                     ; Off                ; Off                ;
; Ignore GLOBAL Buffers                                                      ; Off                ; Off                ;
; Ignore ROW GLOBAL Buffers                                                  ; Off                ; Off                ;
; Ignore LCELL Buffers                                                       ; Off                ; Off                ;
; Ignore SOFT Buffers                                                        ; On                 ; On                 ;
; Limit AHDL Integers to 32 Bits                                             ; Off                ; Off                ;
; Optimization Technique                                                     ; Balanced           ; Balanced           ;
; Carry Chain Length                                                         ; 70                 ; 70                 ;
; Auto Carry Chains                                                          ; On                 ; On                 ;
; Auto Open-Drain Pins                                                       ; On                 ; On                 ;
; Perform WYSIWYG Primitive Resynthesis                                      ; Off                ; Off                ;
; Auto Shift Register Replacement                                            ; Auto               ; Auto               ;
; Allow Shift Register Merging across Hierarchies                            ; Auto               ; Auto               ;
; Auto Clock Enable Replacement                                              ; On                 ; On                 ;
; Allow Synchronous Control Signals                                          ; On                 ; On                 ;
; Force Use of Synchronous Clear Signals                                     ; Off                ; Off                ;
; Auto Resource Sharing                                                      ; Off                ; Off                ;
; Use LogicLock Constraints during Resource Balancing                        ; On                 ; On                 ;
; Ignore translate_off and synthesis_off directives                          ; Off                ; Off                ;
; Report Parameter Settings                                                  ; On                 ; On                 ;
; Report Source Assignments                                                  ; On                 ; On                 ;
; Report Connectivity Checks                                                 ; On                 ; On                 ;
; Ignore Maximum Fan-Out Assignments                                         ; Off                ; Off                ;
; Synchronization Register Chain Length                                      ; 2                  ; 2                  ;
; PowerPlay Power Optimization During Synthesis                              ; Normal compilation ; Normal compilation ;
; HDL message level                                                          ; Level2             ; Level2             ;
; Suppress Register Optimization Related Messages                            ; Off                ; Off                ;
; Number of Removed Registers Reported in Synthesis Report                   ; 5000               ; 5000               ;
; Number of Swept Nodes Reported in Synthesis Report                         ; 5000               ; 5000               ;
; Number of Inverted Registers Reported in Synthesis Report                  ; 100                ; 100                ;
; Clock MUX Protection                                                       ; On                 ; On                 ;
; Block Design Naming                                                        ; Auto               ; Auto               ;
; Synthesis Effort                                                           ; Auto               ; Auto               ;
; Shift Register Replacement - Allow Asynchronous Clear Signal               ; On                 ; On                 ;
; Analysis & Synthesis Message Level                                         ; Medium             ; Medium             ;
; Disable Register Merging Across Hierarchies                                ; Auto               ; Auto               ;
; Synthesis Seed                                                             ; 1                  ; 1                  ;
+----------------------------------------------------------------------------+--------------------+--------------------+


Parallel compilation was disabled, but you have multiple processors available. Enable parallel compilation to reduce compilation time.
+-------------------------------------+
; Parallel Compilation                ;
+----------------------------+--------+
; Processors                 ; Number ;
+----------------------------+--------+
; Number detected on machine ; 4      ;
; Maximum allowed            ; 1      ;
+----------------------------+--------+


+-----------------------------------------------------------------------------------------------------------------------------------------------------+
; Analysis & Synthesis Source Files Read                                                                                                              ;
+----------------------------------+-----------------+-----------------+--------------------------------------------------------------------+---------+
; File Name with User-Entered Path ; Used in Netlist ; File Type       ; File Name with Absolute Path                                       ; Library ;
+----------------------------------+-----------------+-----------------+--------------------------------------------------------------------+---------+
; DUT.vhd                          ; yes             ; User VHDL File  ; /home/glitchinthematrix/EE_214/eightbitcounter/DUT.vhd             ;         ;
; eightbitcounter.vhd              ; yes             ; User VHDL File  ; /home/glitchinthematrix/EE_214/eightbitcounter/eightbitcounter.vhd ;         ;
; counter.vhd                      ; yes             ; User VHDL File  ; /home/glitchinthematrix/EE_214/eightbitcounter/counter.vhd         ;         ;
+----------------------------------+-----------------+-----------------+--------------------------------------------------------------------+---------+


+---------------------------------------------------------------+
; Analysis & Synthesis Resource Usage Summary                   ;
+---------------------------------------------+-----------------+
; Resource                                    ; Usage           ;
+---------------------------------------------+-----------------+
; Total logic elements                        ; 13              ;
;     -- Combinational with no register       ; 13              ;
;     -- Register only                        ; 0               ;
;     -- Combinational with a register        ; 0               ;
;                                             ;                 ;
; Logic element usage by number of LUT inputs ;                 ;
;     -- 4 input functions                    ; 9               ;
;     -- 3 input functions                    ; 4               ;
;     -- 2 input functions                    ; 0               ;
;     -- 1 input functions                    ; 0               ;
;     -- 0 input functions                    ; 0               ;
;                                             ;                 ;
; Logic elements by mode                      ;                 ;
;     -- normal mode                          ; 13              ;
;     -- arithmetic mode                      ; 0               ;
;     -- qfbk mode                            ; 0               ;
;     -- register cascade mode                ; 0               ;
;     -- synchronous clear/load mode          ; 0               ;
;     -- asynchronous clear/load mode         ; 0               ;
;                                             ;                 ;
; Total registers                             ; 0               ;
; I/O pins                                    ; 12              ;
; Maximum fan-out node                        ; input_vector[6] ;
; Maximum fan-out                             ; 4               ;
; Total fan-out                               ; 52              ;
; Average fan-out                             ; 2.08            ;
+---------------------------------------------+-----------------+


+-------------------------------------------------------------------------------------------------------------------------------------------------------------------------------------------------------------------------------------------------------------------------------------+
; Analysis & Synthesis Resource Utilization by Entity                                                                                                                                                                                                                                 ;
+-----------------------------+-------------+--------------+------------+------+--------------+--------------+-------------------+------------------+-----------------+------------+-----------------------------------------------------------------+-----------------+--------------+
; Compilation Hierarchy Node  ; Logic Cells ; LC Registers ; UFM Blocks ; Pins ; Virtual Pins ; LUT-Only LCs ; Register-Only LCs ; LUT/Register LCs ; Carry Chain LCs ; Packed LCs ; Full Hierarchy Name                                             ; Entity Name     ; Library Name ;
+-----------------------------+-------------+--------------+------------+------+--------------+--------------+-------------------+------------------+-----------------+------------+-----------------------------------------------------------------+-----------------+--------------+
; |DUT                        ; 13 (0)      ; 0            ; 0          ; 12   ; 0            ; 13 (0)       ; 0 (0)             ; 0 (0)            ; 0 (0)           ; 0 (0)      ; |DUT                                                            ; eightbitcounter ; work         ;
;    |eightbitcounter:dut|    ; 13 (0)      ; 0            ; 0          ; 0    ; 0            ; 13 (0)       ; 0 (0)             ; 0 (0)            ; 0 (0)           ; 0 (0)      ; |DUT|eightbitcounter:dut                                        ; eightbitcounter ; work         ;
;       |counter:x_4|         ; 3 (0)       ; 0            ; 0          ; 0    ; 0            ; 3 (0)        ; 0 (0)             ; 0 (0)            ; 0 (0)           ; 0 (0)      ; |DUT|eightbitcounter:dut|counter:x_4                            ; counter         ; work         ;
;          |fullbitadder:x_1| ; 1 (0)       ; 0            ; 0          ; 0    ; 0            ; 1 (0)        ; 0 (0)             ; 0 (0)            ; 0 (0)           ; 0 (0)      ; |DUT|eightbitcounter:dut|counter:x_4|fullbitadder:x_1           ; fullbitadder    ; work         ;
;             |XOR_2:x_1|     ; 1 (1)       ; 0            ; 0          ; 0    ; 0            ; 1 (1)        ; 0 (0)             ; 0 (0)            ; 0 (0)           ; 0 (0)      ; |DUT|eightbitcounter:dut|counter:x_4|fullbitadder:x_1|XOR_2:x_1 ; XOR_2           ; work         ;
;          |fullbitadder:x_2| ; 1 (0)       ; 0            ; 0          ; 0    ; 0            ; 1 (0)        ; 0 (0)             ; 0 (0)            ; 0 (0)           ; 0 (0)      ; |DUT|eightbitcounter:dut|counter:x_4|fullbitadder:x_2           ; fullbitadder    ; work         ;
;             |XOR_2:x_2|     ; 1 (1)       ; 0            ; 0          ; 0    ; 0            ; 1 (1)        ; 0 (0)             ; 0 (0)            ; 0 (0)           ; 0 (0)      ; |DUT|eightbitcounter:dut|counter:x_4|fullbitadder:x_2|XOR_2:x_2 ; XOR_2           ; work         ;
;          |fullbitadder:x_3| ; 1 (0)       ; 0            ; 0          ; 0    ; 0            ; 1 (0)        ; 0 (0)             ; 0 (0)            ; 0 (0)           ; 0 (0)      ; |DUT|eightbitcounter:dut|counter:x_4|fullbitadder:x_3           ; fullbitadder    ; work         ;
;             |XOR_2:x_2|     ; 1 (1)       ; 0            ; 0          ; 0    ; 0            ; 1 (1)        ; 0 (0)             ; 0 (0)            ; 0 (0)           ; 0 (0)      ; |DUT|eightbitcounter:dut|counter:x_4|fullbitadder:x_3|XOR_2:x_2 ; XOR_2           ; work         ;
;       |counter:x_6|         ; 4 (0)       ; 0            ; 0          ; 0    ; 0            ; 4 (0)        ; 0 (0)             ; 0 (0)            ; 0 (0)           ; 0 (0)      ; |DUT|eightbitcounter:dut|counter:x_6                            ; counter         ; work         ;
;          |fullbitadder:x_1| ; 1 (0)       ; 0            ; 0          ; 0    ; 0            ; 1 (0)        ; 0 (0)             ; 0 (0)            ; 0 (0)           ; 0 (0)      ; |DUT|eightbitcounter:dut|counter:x_6|fullbitadder:x_1           ; fullbitadder    ; work         ;
;             |XOR_2:x_1|     ; 1 (1)       ; 0            ; 0          ; 0    ; 0            ; 1 (1)        ; 0 (0)             ; 0 (0)            ; 0 (0)           ; 0 (0)      ; |DUT|eightbitcounter:dut|counter:x_6|fullbitadder:x_1|XOR_2:x_1 ; XOR_2           ; work         ;
;          |fullbitadder:x_2| ; 1 (0)       ; 0            ; 0          ; 0    ; 0            ; 1 (0)        ; 0 (0)             ; 0 (0)            ; 0 (0)           ; 0 (0)      ; |DUT|eightbitcounter:dut|counter:x_6|fullbitadder:x_2           ; fullbitadder    ; work         ;
;             |XOR_2:x_2|     ; 1 (1)       ; 0            ; 0          ; 0    ; 0            ; 1 (1)        ; 0 (0)             ; 0 (0)            ; 0 (0)           ; 0 (0)      ; |DUT|eightbitcounter:dut|counter:x_6|fullbitadder:x_2|XOR_2:x_2 ; XOR_2           ; work         ;
;          |fullbitadder:x_3| ; 2 (0)       ; 0            ; 0          ; 0    ; 0            ; 2 (0)        ; 0 (0)             ; 0 (0)            ; 0 (0)           ; 0 (0)      ; |DUT|eightbitcounter:dut|counter:x_6|fullbitadder:x_3           ; fullbitadder    ; work         ;
;             |XOR_2:x_2|     ; 2 (2)       ; 0            ; 0          ; 0    ; 0            ; 2 (2)        ; 0 (0)             ; 0 (0)            ; 0 (0)           ; 0 (0)      ; |DUT|eightbitcounter:dut|counter:x_6|fullbitadder:x_3|XOR_2:x_2 ; XOR_2           ; work         ;
;       |counter:x_7|         ; 1 (0)       ; 0            ; 0          ; 0    ; 0            ; 1 (0)        ; 0 (0)             ; 0 (0)            ; 0 (0)           ; 0 (0)      ; |DUT|eightbitcounter:dut|counter:x_7                            ; counter         ; work         ;
;          |fullbitadder:x_1| ; 1 (0)       ; 0            ; 0          ; 0    ; 0            ; 1 (0)        ; 0 (0)             ; 0 (0)            ; 0 (0)           ; 0 (0)      ; |DUT|eightbitcounter:dut|counter:x_7|fullbitadder:x_1           ; fullbitadder    ; work         ;
;             |AND_2:x_3|     ; 1 (1)       ; 0            ; 0          ; 0    ; 0            ; 1 (1)        ; 0 (0)             ; 0 (0)            ; 0 (0)           ; 0 (0)      ; |DUT|eightbitcounter:dut|counter:x_7|fullbitadder:x_1|AND_2:x_3 ; AND_2           ; work         ;
;       |counter:x_8|         ; 5 (0)       ; 0            ; 0          ; 0    ; 0            ; 5 (0)        ; 0 (0)             ; 0 (0)            ; 0 (0)           ; 0 (0)      ; |DUT|eightbitcounter:dut|counter:x_8                            ; counter         ; work         ;
;          |fullbitadder:x_1| ; 2 (0)       ; 0            ; 0          ; 0    ; 0            ; 2 (0)        ; 0 (0)             ; 0 (0)            ; 0 (0)           ; 0 (0)      ; |DUT|eightbitcounter:dut|counter:x_8|fullbitadder:x_1           ; fullbitadder    ; work         ;
;             |AND_2:x_3|     ; 1 (1)       ; 0            ; 0          ; 0    ; 0            ; 1 (1)        ; 0 (0)             ; 0 (0)            ; 0 (0)           ; 0 (0)      ; |DUT|eightbitcounter:dut|counter:x_8|fullbitadder:x_1|AND_2:x_3 ; AND_2           ; work         ;
;             |XOR_2:x_1|     ; 1 (1)       ; 0            ; 0          ; 0    ; 0            ; 1 (1)        ; 0 (0)             ; 0 (0)            ; 0 (0)           ; 0 (0)      ; |DUT|eightbitcounter:dut|counter:x_8|fullbitadder:x_1|XOR_2:x_1 ; XOR_2           ; work         ;
;          |fullbitadder:x_2| ; 1 (0)       ; 0            ; 0          ; 0    ; 0            ; 1 (0)        ; 0 (0)             ; 0 (0)            ; 0 (0)           ; 0 (0)      ; |DUT|eightbitcounter:dut|counter:x_8|fullbitadder:x_2           ; fullbitadder    ; work         ;
;             |XOR_2:x_2|     ; 1 (1)       ; 0            ; 0          ; 0    ; 0            ; 1 (1)        ; 0 (0)             ; 0 (0)            ; 0 (0)           ; 0 (0)      ; |DUT|eightbitcounter:dut|counter:x_8|fullbitadder:x_2|XOR_2:x_2 ; XOR_2           ; work         ;
;          |fullbitadder:x_3| ; 1 (0)       ; 0            ; 0          ; 0    ; 0            ; 1 (0)        ; 0 (0)             ; 0 (0)            ; 0 (0)           ; 0 (0)      ; |DUT|eightbitcounter:dut|counter:x_8|fullbitadder:x_3           ; fullbitadder    ; work         ;
;             |XOR_2:x_2|     ; 1 (1)       ; 0            ; 0          ; 0    ; 0            ; 1 (1)        ; 0 (0)             ; 0 (0)            ; 0 (0)           ; 0 (0)      ; |DUT|eightbitcounter:dut|counter:x_8|fullbitadder:x_3|XOR_2:x_2 ; XOR_2           ; work         ;
;          |fullbitadder:x_4| ; 1 (0)       ; 0            ; 0          ; 0    ; 0            ; 1 (0)        ; 0 (0)             ; 0 (0)            ; 0 (0)           ; 0 (0)      ; |DUT|eightbitcounter:dut|counter:x_8|fullbitadder:x_4           ; fullbitadder    ; work         ;
;             |XOR_2:x_2|     ; 1 (1)       ; 0            ; 0          ; 0    ; 0            ; 1 (1)        ; 0 (0)             ; 0 (0)            ; 0 (0)           ; 0 (0)      ; |DUT|eightbitcounter:dut|counter:x_8|fullbitadder:x_4|XOR_2:x_2 ; XOR_2           ; work         ;
+-----------------------------+-------------+--------------+------------+------+--------------+--------------+-------------------+------------------+-----------------+------------+-----------------------------------------------------------------+-----------------+--------------+
Note: For table entries with two numbers listed, the numbers in parentheses indicate the number of resources of the given type used by the specific entity alone. The numbers listed outside of parentheses indicate the total resources of the given type used by the specific entity and all of its sub-entities in the hierarchy.


+------------------------------------------------------+
; General Register Statistics                          ;
+----------------------------------------------+-------+
; Statistic                                    ; Value ;
+----------------------------------------------+-------+
; Total registers                              ; 0     ;
; Number of registers using Synchronous Clear  ; 0     ;
; Number of registers using Synchronous Load   ; 0     ;
; Number of registers using Asynchronous Clear ; 0     ;
; Number of registers using Asynchronous Load  ; 0     ;
; Number of registers using Clock Enable       ; 0     ;
; Number of registers using Preset             ; 0     ;
+----------------------------------------------+-------+


+----------------------------------------------------------------------------------------------------------------+
; Port Connectivity Checks: "eightbitcounter:dut|counter:x_1|fullbitadder:x_4"                                   ;
+------+--------+----------+-------------------------------------------------------------------------------------+
; Port ; Type   ; Severity ; Details                                                                             ;
+------+--------+----------+-------------------------------------------------------------------------------------+
; b    ; Input  ; Info     ; Stuck at GND                                                                        ;
; cout ; Output ; Info     ; Connected to dangling logic. Logic that only feeds a dangling port will be removed. ;
+------+--------+----------+-------------------------------------------------------------------------------------+


+------------------------------------------------------------------------------+
; Port Connectivity Checks: "eightbitcounter:dut|counter:x_1|fullbitadder:x_3" ;
+------+-------+----------+----------------------------------------------------+
; Port ; Type  ; Severity ; Details                                            ;
+------+-------+----------+----------------------------------------------------+
; b    ; Input ; Info     ; Stuck at GND                                       ;
+------+-------+----------+----------------------------------------------------+


+------------------------------------------------------------------------------+
; Port Connectivity Checks: "eightbitcounter:dut|counter:x_1|fullbitadder:x_2" ;
+------+-------+----------+----------------------------------------------------+
; Port ; Type  ; Severity ; Details                                            ;
+------+-------+----------+----------------------------------------------------+
; b    ; Input ; Info     ; Stuck at GND                                       ;
+------+-------+----------+----------------------------------------------------+


+------------------------------------------------------------------------------+
; Port Connectivity Checks: "eightbitcounter:dut|counter:x_1|fullbitadder:x_1" ;
+------+-------+----------+----------------------------------------------------+
; Port ; Type  ; Severity ; Details                                            ;
+------+-------+----------+----------------------------------------------------+
; cin  ; Input ; Info     ; Stuck at GND                                       ;
+------+-------+----------+----------------------------------------------------+


+-------------------------------------------------------------+
; Port Connectivity Checks: "eightbitcounter:dut|counter:x_1" ;
+------+-------+----------+-----------------------------------+
; Port ; Type  ; Severity ; Details                           ;
+------+-------+----------+-----------------------------------+
; x    ; Input ; Info     ; Stuck at GND                      ;
+------+-------+----------+-----------------------------------+


+-------------------------------+
; Analysis & Synthesis Messages ;
+-------------------------------+
Info: *******************************************************************
Info: Running Quartus Prime Analysis & Synthesis
    Info: Version 16.0.0 Build 211 04/27/2016 SJ Lite Edition
    Info: Processing started: Sat Mar 10 11:08:34 2018
Info: Command: quartus_map --read_settings_files=on --write_settings_files=off eightbitcounter -c eightbitcounter
Warning (20028): Parallel compilation is not licensed and has been disabled
Info (12021): Found 2 design units, including 1 entities, in source file DUT.vhd
    Info (12022): Found design unit 1: DUT-DutWrap File: /home/glitchinthematrix/EE_214/eightbitcounter/DUT.vhd Line: 15
    Info (12023): Found entity 1: DUT File: /home/glitchinthematrix/EE_214/eightbitcounter/DUT.vhd Line: 10
Info (12021): Found 2 design units, including 1 entities, in source file eightbitcounter.vhd
    Info (12022): Found design unit 1: eightbitcounter-Behave File: /home/glitchinthematrix/EE_214/eightbitcounter/eightbitcounter.vhd Line: 11
    Info (12023): Found entity 1: eightbitcounter File: /home/glitchinthematrix/EE_214/eightbitcounter/eightbitcounter.vhd Line: 7
Info (12021): Found 15 design units, including 7 entities, in source file counter.vhd
    Info (12022): Found design unit 1: EE224_Components File: /home/glitchinthematrix/EE_214/eightbitcounter/counter.vhd Line: 7
    Info (12022): Found design unit 2: INVERTER-Behave File: /home/glitchinthematrix/EE_214/eightbitcounter/counter.vhd Line: 31
    Info (12022): Found design unit 3: AND_2-Behave File: /home/glitchinthematrix/EE_214/eightbitcounter/counter.vhd Line: 42
    Info (12022): Found design unit 4: OR_2-Behave File: /home/glitchinthematrix/EE_214/eightbitcounter/counter.vhd Line: 53
    Info (12022): Found design unit 5: NAND_2-Behave File: /home/glitchinthematrix/EE_214/eightbitcounter/counter.vhd Line: 64
    Info (12022): Found design unit 6: XOR_2-Behave File: /home/glitchinthematrix/EE_214/eightbitcounter/counter.vhd Line: 75
    Info (12022): Found design unit 7: fullbitadder-Behave File: /home/glitchinthematrix/EE_214/eightbitcounter/counter.vhd Line: 92
    Info (12022): Found design unit 8: counter-Struct File: /home/glitchinthematrix/EE_214/eightbitcounter/counter.vhd Line: 112
    Info (12023): Found entity 1: INVERTER File: /home/glitchinthematrix/EE_214/eightbitcounter/counter.vhd Line: 27
    Info (12023): Found entity 2: AND_2 File: /home/glitchinthematrix/EE_214/eightbitcounter/counter.vhd Line: 38
    Info (12023): Found entity 3: OR_2 File: /home/glitchinthematrix/EE_214/eightbitcounter/counter.vhd Line: 49
    Info (12023): Found entity 4: NAND_2 File: /home/glitchinthematrix/EE_214/eightbitcounter/counter.vhd Line: 60
    Info (12023): Found entity 5: XOR_2 File: /home/glitchinthematrix/EE_214/eightbitcounter/counter.vhd Line: 71
    Info (12023): Found entity 6: fullbitadder File: /home/glitchinthematrix/EE_214/eightbitcounter/counter.vhd Line: 88
    Info (12023): Found entity 7: counter File: /home/glitchinthematrix/EE_214/eightbitcounter/counter.vhd Line: 108
Info (12127): Elaborating entity "DUT" for the top level hierarchy
Info (12128): Elaborating entity "eightbitcounter" for hierarchy "eightbitcounter:dut" File: /home/glitchinthematrix/EE_214/eightbitcounter/DUT.vhd Line: 25
Info (12128): Elaborating entity "counter" for hierarchy "eightbitcounter:dut|counter:x_1" File: /home/glitchinthematrix/EE_214/eightbitcounter/eightbitcounter.vhd Line: 21
Info (12128): Elaborating entity "fullbitadder" for hierarchy "eightbitcounter:dut|counter:x_1|fullbitadder:x_1" File: /home/glitchinthematrix/EE_214/eightbitcounter/counter.vhd Line: 120
Info (12128): Elaborating entity "XOR_2" for hierarchy "eightbitcounter:dut|counter:x_1|fullbitadder:x_1|XOR_2:x_1" File: /home/glitchinthematrix/EE_214/eightbitcounter/counter.vhd Line: 95
Info (12128): Elaborating entity "AND_2" for hierarchy "eightbitcounter:dut|counter:x_1|fullbitadder:x_1|AND_2:x_3" File: /home/glitchinthematrix/EE_214/eightbitcounter/counter.vhd Line: 97
Info (12128): Elaborating entity "OR_2" for hierarchy "eightbitcounter:dut|counter:x_1|fullbitadder:x_1|OR_2:x_5" File: /home/glitchinthematrix/EE_214/eightbitcounter/counter.vhd Line: 99
Info (21057): Implemented 25 device resources after synthesis - the final resource count might be different
    Info (21058): Implemented 8 input pins
    Info (21059): Implemented 4 output pins
    Info (21061): Implemented 13 logic cells
Info: Quartus Prime Analysis & Synthesis was successful. 0 errors, 1 warning
    Info: Peak virtual memory: 1226 megabytes
    Info: Processing ended: Sat Mar 10 11:08:48 2018
    Info: Elapsed time: 00:00:14
    Info: Total CPU time (on all processors): 00:00:32


