Flow report for Stringreconize
Thu Mar  8 20:32:44 2018
Quartus Prime Version 16.0.0 Build 211 04/27/2016 SJ Lite Edition


---------------------
; Table of Contents ;
---------------------
  1. Legal Notice
  2. Flow Summary
  3. Flow Settings
  4. Flow Non-Default Global Settings
  5. Flow Elapsed Time
  6. Flow OS Summary
  7. Flow Log
  8. Flow Messages
  9. Flow Suppressed Messages



----------------
; Legal Notice ;
----------------
Copyright (C) 1991-2016 Altera Corporation. All rights reserved.
Your use of Altera Corporation's design tools, logic functions 
and other software and tools, and its AMPP partner logic 
functions, and any output files from any of the foregoing 
(including device programming or simulation files), and any 
associated documentation or information are expressly subject 
to the terms and conditions of the Altera Program License 
Subscription Agreement, the Altera Quartus Prime License Agreement,
the Altera MegaCore Function License Agreement, or other 
applicable license agreement, including, without limitation, 
that your use is for the sole purpose of programming logic 
devices manufactured by Altera and sold by Altera or its 
authorized distributors.  Please refer to the applicable 
agreement for further details.



+---------------------------------------------------------------------+
; Flow Summary                                                        ;
+-----------------------+---------------------------------------------+
; Flow Status           ; Successful - Thu Mar  8 20:32:44 2018       ;
; Quartus Prime Version ; 16.0.0 Build 211 04/27/2016 SJ Lite Edition ;
; Revision Name         ; Stringreconize                              ;
; Top-level Entity Name ; DUT                                         ;
; Family                ; MAX V                                       ;
; Device                ; 5M1270ZF256C5                               ;
; Timing Models         ; Final                                       ;
; Total logic elements  ; 50 / 1,270 ( 4 % )                          ;
; Total pins            ; 8 / 211 ( 4 % )                             ;
; Total virtual pins    ; 0                                           ;
; UFM blocks            ; 0 / 1 ( 0 % )                               ;
+-----------------------+---------------------------------------------+


+-----------------------------------------+
; Flow Settings                           ;
+-------------------+---------------------+
; Option            ; Setting             ;
+-------------------+---------------------+
; Start date & time ; 03/08/2018 20:32:24 ;
; Main task         ; Compilation         ;
; Revision Name     ; Stringreconize      ;
+-------------------+---------------------+


+--------------------------------------------------------------------------------------------------------------------+
; Flow Non-Default Global Settings                                                                                   ;
+--------------------------------------+-----------------------------+----------------+-------------+----------------+
; Assignment Name                      ; Value                       ; Default Value  ; Entity Name ; Section Id     ;
+--------------------------------------+-----------------------------+----------------+-------------+----------------+
; COMPILER_SIGNATURE_ID                ; 0.152052134410230           ; --             ; --          ; --             ;
; EDA_DESIGN_INSTANCE_NAME             ; dut_instance                ; --             ; --          ; Testbench      ;
; EDA_NATIVELINK_SIMULATION_TEST_BENCH ; Testbench                   ; --             ; --          ; eda_simulation ;
; EDA_OUTPUT_DATA_FORMAT               ; Verilog Hdl                 ; --             ; --          ; eda_simulation ;
; EDA_SIMULATION_TOOL                  ; ModelSim-Altera (Verilog)   ; <None>         ; --          ; --             ;
; EDA_TEST_BENCH_ENABLE_STATUS         ; TEST_BENCH_MODE             ; --             ; --          ; eda_simulation ;
; EDA_TEST_BENCH_FILE                  ; Testbench.vhd               ; --             ; --          ; Testbench      ;
; EDA_TEST_BENCH_MODULE_NAME           ; Testbench                   ; --             ; --          ; Testbench      ;
; EDA_TEST_BENCH_NAME                  ; Testbench                   ; --             ; --          ; eda_simulation ;
; EDA_TIME_SCALE                       ; 1 ps                        ; --             ; --          ; eda_simulation ;
; MAX_CORE_JUNCTION_TEMP               ; 85                          ; --             ; --          ; --             ;
; MIN_CORE_JUNCTION_TEMP               ; 0                           ; --             ; --          ; --             ;
; POWER_PRESET_COOLING_SOLUTION        ; No Heat Sink With Still Air ; --             ; --          ; --             ;
; PROJECT_OUTPUT_DIRECTORY             ; output_files                ; --             ; --          ; --             ;
; TOP_LEVEL_ENTITY                     ; DUT                         ; Stringreconize ; --          ; --             ;
+--------------------------------------+-----------------------------+----------------+-------------+----------------+


+-------------------------------------------------------------------------------------------------------------------------------+
; Flow Elapsed Time                                                                                                             ;
+---------------------------+--------------+-------------------------+---------------------+------------------------------------+
; Module Name               ; Elapsed Time ; Average Processors Used ; Peak Virtual Memory ; Total CPU Time (on all processors) ;
+---------------------------+--------------+-------------------------+---------------------+------------------------------------+
; Analysis & Synthesis      ; 00:00:14     ; 1.0                     ; 1233 MB             ; 00:00:36                           ;
; Fitter                    ; 00:00:01     ; 1.0                     ; 1266 MB             ; 00:00:01                           ;
; Assembler                 ; 00:00:00     ; 1.0                     ; 1039 MB             ; 00:00:00                           ;
; TimeQuest Timing Analyzer ; 00:00:00     ; 1.0                     ; 1004 MB             ; 00:00:01                           ;
; EDA Netlist Writer        ; 00:00:01     ; 1.0                     ; 1286 MB             ; 00:00:00                           ;
; Total                     ; 00:00:16     ; --                      ; --                  ; 00:00:38                           ;
+---------------------------+--------------+-------------------------+---------------------+------------------------------------+


+---------------------------------------------------------------------------------------------+
; Flow OS Summary                                                                             ;
+---------------------------+------------------+----------------+------------+----------------+
; Module Name               ; Machine Hostname ; OS Name        ; OS Version ; Processor type ;
+---------------------------+------------------+----------------+------------+----------------+
; Analysis & Synthesis      ; bhishmasli       ; Ubuntu 16.04.1 ; 16         ; x86_64         ;
; Fitter                    ; bhishmasli       ; Ubuntu 16.04.1 ; 16         ; x86_64         ;
; Assembler                 ; bhishmasli       ; Ubuntu 16.04.1 ; 16         ; x86_64         ;
; TimeQuest Timing Analyzer ; bhishmasli       ; Ubuntu 16.04.1 ; 16         ; x86_64         ;
; EDA Netlist Writer        ; bhishmasli       ; Ubuntu 16.04.1 ; 16         ; x86_64         ;
+---------------------------+------------------+----------------+------------+----------------+


------------
; Flow Log ;
------------
quartus_map --read_settings_files=on --write_settings_files=off Stringreconize -c Stringreconize
quartus_fit --read_settings_files=off --write_settings_files=off Stringreconize -c Stringreconize
quartus_asm --read_settings_files=off --write_settings_files=off Stringreconize -c Stringreconize
quartus_sta Stringreconize -c Stringreconize
quartus_eda --read_settings_files=off --write_settings_files=off Stringreconize -c Stringreconize



